[debug] [2023-05-03T06:26:11.331Z] ----------------------------------------------------------------------
[debug] [2023-05-03T06:26:11.334Z] Command:       C:\Program Files\nodejs\node.exe C:\Users\Nithesh\AppData\Roaming\npm\node_modules\firebase-tools\lib\bin\firebase.js init
[debug] [2023-05-03T06:26:11.334Z] CLI Version:   11.29.1
[debug] [2023-05-03T06:26:11.335Z] Platform:      win32
[debug] [2023-05-03T06:26:11.335Z] Node Version:  v18.16.0
[debug] [2023-05-03T06:26:11.337Z] Time:          Wed May 03 2023 11:56:11 GMT+0530 (India Standard Time)
[debug] [2023-05-03T06:26:11.337Z] ----------------------------------------------------------------------
[debug] 
[debug] [2023-05-03T06:26:11.350Z] > command requires scopes: ["email","openid","https://www.googleapis.com/auth/cloudplatformprojects.readonly","https://www.googleapis.com/auth/firebase","https://www.googleapis.com/auth/cloud-platform"]
[debug] [2023-05-03T06:26:11.350Z] > authorizing via signed-in user (nithesh487@gmail.com)
[info] 
     ######## #### ########  ######## ########     ###     ######  ########
     ##        ##  ##     ## ##       ##     ##  ##   ##  ##       ##
     ######    ##  ########  ######   ########  #########  ######  ######
     ##        ##  ##    ##  ##       ##     ## ##     ##       ## ##
     ##       #### ##     ## ######## ########  ##     ##  ######  ########

You're about to initialize a Firebase project in this directory:

  C:\Users\Nithesh\Documents\GitHub\cat-server

[info] 
=== Project Setup
[info] 
[info] First, let's associate this project directory with a Firebase project.
[info] You can create multiple project aliases by running firebase use --add, 
[info] but for now we'll just set up a default project.
[info] 
